[2021-06-30T16:37:02.178] [DEBUG] cheese - login => username:admin,password:123456
[2021-06-30T16:37:02.180] [DEBUG] cheese - admin
[2021-06-30T16:37:02.280] [DEBUG] cheese - null
[2021-06-30T16:37:02.280] [DEBUG] cheese - null
[2021-07-06T15:54:11.327] [DEBUG] cheese - login => username:admin,password:123456
[2021-07-06T15:54:11.329] [DEBUG] cheese - admin
[2021-07-06T15:54:11.632] [DEBUG] cheese - null
[2021-07-06T15:54:11.633] [DEBUG] cheese - null
[2021-07-18T18:39:03.574] [DEBUG] cheese - login => username:admin,password:123456
[2021-07-18T18:39:03.575] [DEBUG] cheese - admin
[2021-07-18T18:39:03.668] [DEBUG] cheese - null
[2021-07-18T18:39:03.669] [DEBUG] cheese - null
[2021-07-22T10:03:37.419] [DEBUG] cheese - login => username:admin,password:990300
[2021-07-22T10:03:37.424] [DEBUG] cheese - admin
[2021-07-22T10:03:37.482] [DEBUG] cheese - null
[2021-07-22T10:03:37.483] [DEBUG] cheese - null
[2021-07-22T10:03:42.087] [DEBUG] cheese - login => username:admin,password:990300
[2021-07-22T10:03:42.087] [DEBUG] cheese - admin
[2021-07-22T10:03:42.093] [DEBUG] cheese - null
[2021-07-22T10:03:42.093] [DEBUG] cheese - null
[2021-07-22T10:03:49.496] [DEBUG] cheese - login => username:admin,password:123456
[2021-07-22T10:03:49.496] [DEBUG] cheese - admin
[2021-07-22T10:03:49.502] [DEBUG] cheese - null
[2021-07-22T10:03:49.502] [DEBUG] cheese - null
[2021-07-22T14:35:13.927] [DEBUG] cheese - login => username:admin,password:123456
[2021-07-22T14:35:13.931] [DEBUG] cheese - admin
[2021-07-22T14:35:13.980] [DEBUG] cheese - null
[2021-07-22T14:35:13.982] [DEBUG] cheese - null
[2021-07-22T14:37:07.579] [DEBUG] cheese - null
[2021-11-13T13:58:07.542] [DEBUG] cheese - login => username:ahyhr,password:123456
[2021-11-13T13:58:07.560] [DEBUG] cheese - ahyhr
[2021-11-13T13:58:07.692] [DEBUG] cheese - null
[2021-11-13T13:58:07.692] [DEBUG] cheese - null
[2021-11-13T13:58:40.462] [DEBUG] cheese - login => username:ahyhr,password:123456
[2021-11-13T13:58:40.462] [DEBUG] cheese - ahyhr
[2021-11-13T13:58:40.465] [DEBUG] cheese - null
[2021-11-13T13:58:40.466] [DEBUG] cheese - null
[2021-11-13T13:58:56.614] [DEBUG] cheese - login => username:admin,password:123456
[2021-11-13T13:58:56.614] [DEBUG] cheese - admin
[2021-11-13T13:58:56.618] [DEBUG] cheese - null
[2021-11-13T13:58:56.618] [DEBUG] cheese - null
[2021-11-13T13:59:38.969] [DEBUG] cheese - login => username:admin,password:123456
[2021-11-13T13:59:38.969] [DEBUG] cheese - admin
[2021-11-13T13:59:38.972] [DEBUG] cheese - null
[2021-11-13T13:59:38.972] [DEBUG] cheese - null
[2021-11-13T14:00:41.692] [DEBUG] cheese - login => username:admin,password:123456
[2021-11-13T14:00:41.692] [DEBUG] cheese - admin
[2021-11-13T14:00:41.694] [DEBUG] cheese - null
[2021-11-13T14:00:41.694] [DEBUG] cheese - null
[2021-11-13T14:01:18.671] [DEBUG] cheese - login => username:admin,password:123456
[2021-11-13T14:01:18.671] [DEBUG] cheese - admin
[2021-11-13T14:01:18.674] [DEBUG] cheese - null
[2021-11-13T14:01:18.675] [DEBUG] cheese - null
[2021-11-13T14:11:14.795] [DEBUG] cheese - login => username:admin,password:123456
[2021-11-13T14:11:14.795] [DEBUG] cheese - admin
[2021-11-13T14:11:14.800] [DEBUG] cheese - null
[2021-11-13T14:11:14.800] [DEBUG] cheese - null
[2021-11-13T14:11:44.079] [DEBUG] cheese - login => username:admin,password:123456
[2021-11-13T14:11:44.079] [DEBUG] cheese - admin
[2021-11-13T14:11:44.081] [DEBUG] cheese - null
[2021-11-13T14:11:44.082] [DEBUG] cheese - null
[2021-11-13T14:13:41.652] [DEBUG] cheese - login => username:admin,password:123456
[2021-11-13T14:13:41.652] [DEBUG] cheese - admin
[2021-11-13T14:13:41.654] [DEBUG] cheese - null
[2021-11-13T14:13:41.655] [DEBUG] cheese - null
[2021-11-13T14:21:59.681] [DEBUG] cheese - login => username:admin,password:123456
[2021-11-13T14:21:59.681] [DEBUG] cheese - admin
[2021-11-13T14:21:59.962] [DEBUG] cheese - null
[2021-11-13T14:21:59.962] [DEBUG] cheese - null
[2021-11-13T14:22:31.224] [DEBUG] cheese - login => username:admin,password:123456
[2021-11-13T14:22:31.225] [DEBUG] cheese - admin
[2021-11-13T14:22:31.226] [DEBUG] cheese - null
[2021-11-13T14:22:31.227] [DEBUG] cheese - null
[2021-11-13T16:55:13.087] [DEBUG] cheese - login => username:admin,password:123456
[2021-11-13T16:55:13.088] [DEBUG] cheese - admin
[2021-11-13T16:55:14.337] [DEBUG] cheese - null
[2021-11-13T16:55:14.338] [DEBUG] cheese - null
[2021-11-13T16:58:10.557] [DEBUG] cheese - login => username:admin,password:123456
[2021-11-13T16:58:10.557] [DEBUG] cheese - admin
[2021-11-13T16:58:10.568] [DEBUG] cheese - null
[2021-11-13T16:58:10.568] [DEBUG] cheese - null
[2021-11-13T16:58:34.322] [DEBUG] cheese - login => username:admin,password:123456
[2021-11-13T16:58:34.323] [DEBUG] cheese - admin
[2021-11-13T16:58:34.325] [DEBUG] cheese - null
[2021-11-13T16:58:34.326] [DEBUG] cheese - null
[2021-11-13T17:01:44.341] [DEBUG] cheese - login => username:admin,password:123456
[2021-11-13T17:01:44.341] [DEBUG] cheese - admin
[2021-11-13T17:01:44.354] [DEBUG] cheese - null
[2021-11-13T17:01:44.354] [DEBUG] cheese - null
[2021-11-13T17:13:13.441] [DEBUG] cheese - login => username:admin,password:123456
[2021-11-13T17:13:13.441] [DEBUG] cheese - admin
[2021-11-13T17:13:13.452] [DEBUG] cheese - null
[2021-11-13T17:13:13.452] [DEBUG] cheese - null
[2021-11-13T17:16:39.632] [DEBUG] cheese - login => username:admin,password:123456
[2021-11-13T17:16:39.633] [DEBUG] cheese - admin
[2021-11-13T17:16:39.647] [DEBUG] cheese - null
[2021-11-13T17:16:39.647] [DEBUG] cheese - null
[2021-11-13T17:26:56.160] [DEBUG] cheese - login => username:admin,password:123456
[2021-11-13T17:26:56.160] [DEBUG] cheese - admin
[2021-11-13T17:26:56.168] [DEBUG] cheese - null
[2021-11-13T17:26:56.168] [DEBUG] cheese - null
[2021-11-13T17:27:20.950] [DEBUG] cheese - login => username:admin,password:123456
[2021-11-13T17:27:20.951] [DEBUG] cheese - admin
[2021-11-13T17:27:20.956] [DEBUG] cheese - null
[2021-11-13T17:27:20.956] [DEBUG] cheese - null
[2021-11-14T15:26:54.136] [DEBUG] cheese - login => username:admin,password:123456
[2021-11-14T15:26:54.137] [DEBUG] cheese - admin
[2021-11-14T15:26:54.262] [DEBUG] cheese - null
[2021-11-14T15:26:54.262] [DEBUG] cheese - null
[2021-11-14T15:29:16.520] [DEBUG] cheese - login => username:admin,password:123456
[2021-11-14T15:29:16.520] [DEBUG] cheese - admin
[2021-11-14T15:29:16.526] [DEBUG] cheese - null
[2021-11-14T15:29:16.527] [DEBUG] cheese - null
[2021-11-14T15:33:08.724] [DEBUG] cheese - login => username:admin,password:123456
[2021-11-14T15:33:08.724] [DEBUG] cheese - admin
[2021-11-14T15:33:08.730] [DEBUG] cheese - null
[2021-11-14T15:33:08.730] [DEBUG] cheese - null
[2021-11-14T15:33:41.891] [DEBUG] cheese - login => username:admin,password:123456
[2021-11-14T15:33:41.892] [DEBUG] cheese - admin
[2021-11-14T15:33:41.894] [DEBUG] cheese - null
[2021-11-14T15:33:41.894] [DEBUG] cheese - null
[2021-11-14T15:34:13.067] [DEBUG] cheese - login => username:admin,password:123456
[2021-11-14T15:34:13.067] [DEBUG] cheese - admin
[2021-11-14T15:34:13.070] [DEBUG] cheese - null
[2021-11-14T15:34:13.070] [DEBUG] cheese - null
[2021-11-14T15:48:20.469] [DEBUG] cheese - login => username:admin,password:123456
[2021-11-14T15:48:20.470] [DEBUG] cheese - admin
[2021-11-14T15:48:20.476] [DEBUG] cheese - null
[2021-11-14T15:48:20.476] [DEBUG] cheese - null
[2021-11-14T15:49:42.739] [DEBUG] cheese - login => username:admin,password:123456
[2021-11-14T15:49:42.739] [DEBUG] cheese - admin
[2021-11-14T15:49:42.743] [DEBUG] cheese - null
[2021-11-14T15:49:42.743] [DEBUG] cheese - null
[2021-11-14T16:37:43.417] [DEBUG] cheese - login => username:admin,password:123456
[2021-11-14T16:37:43.417] [DEBUG] cheese - admin
[2021-11-14T16:37:43.424] [DEBUG] cheese - null
[2021-11-14T16:37:43.424] [DEBUG] cheese - null
[2021-11-14T16:38:27.354] [DEBUG] cheese - login => username:admin,password:123456
[2021-11-14T16:38:27.354] [DEBUG] cheese - admin
[2021-11-14T16:38:27.356] [DEBUG] cheese - null
[2021-11-14T16:38:27.357] [DEBUG] cheese - null
[2021-11-14T16:38:41.415] [DEBUG] cheese - login => username:admin,password:123456
[2021-11-14T16:38:41.415] [DEBUG] cheese - admin
[2021-11-14T16:38:41.417] [DEBUG] cheese - null
[2021-11-14T16:38:41.418] [DEBUG] cheese - null
[2021-11-14T16:43:00.951] [DEBUG] cheese - login => username:admin,password:123456
[2021-11-14T16:43:00.951] [DEBUG] cheese - admin
[2021-11-14T16:43:00.957] [DEBUG] cheese - null
[2021-11-14T16:43:00.957] [DEBUG] cheese - null
